<?xml version="1.0" encoding="UTF-8"?>
<!-- Generated by org.testng.reporters.JUnitReportReporter -->
<testsuite hostname="L-INE-CBRCQG3" failures="0" tests="7" name="testRunner.RunnerClass" time="0.094" errors="0" timestamp="2025-01-21T15:15:23 IST" skipped="0">
  <testcase classname="testRunner.RunnerClass" name="runScenario" time="0.006"/>
  <testcase classname="testRunner.RunnerClass" name="runScenario" time="0.059"/>
  <testcase classname="testRunner.RunnerClass" name="runScenario" time="0.005"/>
  <testcase classname="testRunner.RunnerClass" name="runScenario" time="0.006"/>
  <testcase classname="testRunner.RunnerClass" name="runScenario" time="0.005"/>
  <testcase classname="testRunner.RunnerClass" name="runScenario" time="0.005"/>
  <testcase classname="testRunner.RunnerClass" name="runScenario" time="0.008"/>
</testsuite> <!-- testRunner.RunnerClass -->
