<?xml version="1.0" encoding="UTF-8"?>
<!-- Generated by org.testng.reporters.JUnitReportReporter -->
<testsuite hostname="L-INE-96MWM93" failures="0" tests="54" name="testRunner.RunnerClass" time="0.892" errors="0" timestamp="2025-02-06T18:27:45 IST" skipped="0">
  <testcase classname="testRunner.RunnerClass" name="runScenario" time="0.016"/>
  <testcase classname="testRunner.RunnerClass" name="runScenario" time="0.009"/>
  <testcase classname="testRunner.RunnerClass" name="runScenario" time="0.012"/>
  <testcase classname="testRunner.RunnerClass" name="runScenario" time="0.012"/>
  <testcase classname="testRunner.RunnerClass" name="runScenario" time="0.011"/>
  <testcase classname="testRunner.RunnerClass" name="runScenario" time="0.017"/>
  <testcase classname="testRunner.RunnerClass" name="runScenario" time="0.013"/>
  <testcase classname="testRunner.RunnerClass" name="runScenario" time="0.032"/>
  <testcase classname="testRunner.RunnerClass" name="runScenario" time="0.019"/>
  <testcase classname="testRunner.RunnerClass" name="runScenario" time="0.011"/>
  <testcase classname="testRunner.RunnerClass" name="runScenario" time="0.006"/>
  <testcase classname="testRunner.RunnerClass" name="runScenario" time="0.020"/>
  <testcase classname="testRunner.RunnerClass" name="runScenario" time="0.011"/>
  <testcase classname="testRunner.RunnerClass" name="runScenario" time="0.032"/>
  <testcase classname="testRunner.RunnerClass" name="runScenario" time="0.009"/>
  <testcase classname="testRunner.RunnerClass" name="runScenario" time="0.008"/>
  <testcase classname="testRunner.RunnerClass" name="runScenario" time="0.010"/>
  <testcase classname="testRunner.RunnerClass" name="runScenario" time="0.010"/>
  <testcase classname="testRunner.RunnerClass" name="runScenario" time="0.010"/>
  <testcase classname="testRunner.RunnerClass" name="runScenario" time="0.014"/>
  <testcase classname="testRunner.RunnerClass" name="runScenario" time="0.010"/>
  <testcase classname="testRunner.RunnerClass" name="runScenario" time="0.028"/>
  <testcase classname="testRunner.RunnerClass" name="runScenario" time="0.011"/>
  <testcase classname="testRunner.RunnerClass" name="runScenario" time="0.010"/>
  <testcase classname="testRunner.RunnerClass" name="runScenario" time="0.010"/>
  <testcase classname="testRunner.RunnerClass" name="runScenario" time="0.009"/>
  <testcase classname="testRunner.RunnerClass" name="runScenario" time="0.008"/>
  <testcase classname="testRunner.RunnerClass" name="runScenario" time="0.010"/>
  <testcase classname="testRunner.RunnerClass" name="runScenario" time="0.010"/>
  <testcase classname="testRunner.RunnerClass" name="runScenario" time="0.007"/>
  <testcase classname="testRunner.RunnerClass" name="runScenario" time="0.027"/>
  <testcase classname="testRunner.RunnerClass" name="runScenario" time="0.019"/>
  <testcase classname="testRunner.RunnerClass" name="runScenario" time="0.022"/>
  <testcase classname="testRunner.RunnerClass" name="runScenario" time="0.011"/>
  <testcase classname="testRunner.RunnerClass" name="runScenario" time="0.019"/>
  <testcase classname="testRunner.RunnerClass" name="runScenario" time="0.008"/>
  <testcase classname="testRunner.RunnerClass" name="runScenario" time="0.008"/>
  <testcase classname="testRunner.RunnerClass" name="runScenario" time="0.017"/>
  <testcase classname="testRunner.RunnerClass" name="runScenario" time="0.010"/>
  <testcase classname="testRunner.RunnerClass" name="runScenario" time="0.188"/>
  <testcase classname="testRunner.RunnerClass" name="runScenario" time="0.005"/>
  <testcase classname="testRunner.RunnerClass" name="runScenario" time="0.031"/>
  <testcase classname="testRunner.RunnerClass" name="runScenario" time="0.010"/>
  <testcase classname="testRunner.RunnerClass" name="runScenario" time="0.005"/>
  <testcase classname="testRunner.RunnerClass" name="runScenario" time="0.024"/>
  <testcase classname="testRunner.RunnerClass" name="runScenario" time="0.007"/>
  <testcase classname="testRunner.RunnerClass" name="runScenario" time="0.011"/>
  <testcase classname="testRunner.RunnerClass" name="runScenario" time="0.021"/>
  <testcase classname="testRunner.RunnerClass" name="runScenario" time="0.008"/>
  <testcase classname="testRunner.RunnerClass" name="runScenario" time="0.009"/>
  <testcase classname="testRunner.RunnerClass" name="runScenario" time="0.006"/>
  <testcase classname="testRunner.RunnerClass" name="runScenario" time="0.008"/>
  <testcase classname="testRunner.RunnerClass" name="runScenario" time="0.014"/>
  <testcase classname="testRunner.RunnerClass" name="runScenario" time="0.009"/>
</testsuite> <!-- testRunner.RunnerClass -->
