<?xml version="1.0" encoding="UTF-8"?>
<!-- Generated by org.testng.reporters.JUnitReportReporter -->
<testsuite hostname="L-INE-96MWM93" failures="0" tests="2" name="testRunner.RunnerClass" time="55.799" errors="0" timestamp="2025-01-09T13:19:44 IST" skipped="0">
  <testcase classname="testRunner.RunnerClass" name="runScenario" time="28.732"/>
  <testcase classname="testRunner.RunnerClass" name="runScenario" time="27.067"/>
</testsuite> <!-- testRunner.RunnerClass -->
