<?xml version="1.0" encoding="UTF-8"?>
<!-- Generated by org.testng.reporters.JUnitReportReporter -->
<testsuite hostname="L-INE-CBRCQG3" failures="0" tests="7" name="testRunner.RunnerClass" time="0.145" errors="0" timestamp="2025-01-21T14:11:39 IST" skipped="0">
  <testcase classname="testRunner.RunnerClass" name="runScenario" time="0.012"/>
  <testcase classname="testRunner.RunnerClass" name="runScenario" time="0.011"/>
  <testcase classname="testRunner.RunnerClass" name="runScenario" time="0.013"/>
  <testcase classname="testRunner.RunnerClass" name="runScenario" time="0.010"/>
  <testcase classname="testRunner.RunnerClass" name="runScenario" time="0.010"/>
  <testcase classname="testRunner.RunnerClass" name="runScenario" time="0.015"/>
  <testcase classname="testRunner.RunnerClass" name="runScenario" time="0.074"/>
</testsuite> <!-- testRunner.RunnerClass -->
