<?xml version="1.0" encoding="UTF-8"?>
<!-- Generated by org.testng.reporters.JUnitReportReporter -->
<testsuite hostname="L-INE-96MWM93" failures="0" tests="2" name="testRunner.RunnerClass" time="0.167" errors="0" timestamp="2025-01-09T15:01:38 IST" skipped="0">
  <testcase classname="testRunner.RunnerClass" name="runScenario" time="0.149"/>
  <testcase classname="testRunner.RunnerClass" name="runScenario" time="0.018"/>
</testsuite> <!-- testRunner.RunnerClass -->
