<?xml version="1.0" encoding="UTF-8"?>
<!-- Generated by org.testng.reporters.JUnitReportReporter -->
<testsuite hostname="ESLLAP-2690" failures="0" tests="5" name="testRunner.RunnerClass" time="371.239" errors="0" timestamp="2025-01-28T17:26:27 IST" skipped="0">
  <testcase classname="testRunner.RunnerClass" name="runScenario" time="74.386"/>
  <testcase classname="testRunner.RunnerClass" name="runScenario" time="73.504"/>
  <testcase classname="testRunner.RunnerClass" name="runScenario" time="74.810"/>
  <testcase classname="testRunner.RunnerClass" name="runScenario" time="74.972"/>
  <testcase classname="testRunner.RunnerClass" name="runScenario" time="73.567"/>
</testsuite> <!-- testRunner.RunnerClass -->
