<?xml version="1.0" encoding="UTF-8"?>
<!-- Generated by org.testng.reporters.JUnitReportReporter -->
<testsuite hostname="L-INE-CBRCQG3" failures="0" tests="26" name="testRunner.RunnerClass" time="0.835" errors="0" timestamp="2025-01-23T20:35:05 IST" skipped="0">
  <testcase classname="testRunner.RunnerClass" name="runScenario" time="0.028"/>
  <testcase classname="testRunner.RunnerClass" name="runScenario" time="0.032"/>
  <testcase classname="testRunner.RunnerClass" name="runScenario" time="0.018"/>
  <testcase classname="testRunner.RunnerClass" name="runScenario" time="0.020"/>
  <testcase classname="testRunner.RunnerClass" name="runScenario" time="0.025"/>
  <testcase classname="testRunner.RunnerClass" name="runScenario" time="0.109"/>
  <testcase classname="testRunner.RunnerClass" name="runScenario" time="0.023"/>
  <testcase classname="testRunner.RunnerClass" name="runScenario" time="0.062"/>
  <testcase classname="testRunner.RunnerClass" name="runScenario" time="0.022"/>
  <testcase classname="testRunner.RunnerClass" name="runScenario" time="0.022"/>
  <testcase classname="testRunner.RunnerClass" name="runScenario" time="0.019"/>
  <testcase classname="testRunner.RunnerClass" name="runScenario" time="0.018"/>
  <testcase classname="testRunner.RunnerClass" name="runScenario" time="0.019"/>
  <testcase classname="testRunner.RunnerClass" name="runScenario" time="0.013"/>
  <testcase classname="testRunner.RunnerClass" name="runScenario" time="0.013"/>
  <testcase classname="testRunner.RunnerClass" name="runScenario" time="0.017"/>
  <testcase classname="testRunner.RunnerClass" name="runScenario" time="0.028"/>
  <testcase classname="testRunner.RunnerClass" name="runScenario" time="0.022"/>
  <testcase classname="testRunner.RunnerClass" name="runScenario" time="0.027"/>
  <testcase classname="testRunner.RunnerClass" name="runScenario" time="0.053"/>
  <testcase classname="testRunner.RunnerClass" name="runScenario" time="0.017"/>
  <testcase classname="testRunner.RunnerClass" name="runScenario" time="0.026"/>
  <testcase classname="testRunner.RunnerClass" name="runScenario" time="0.015"/>
  <testcase classname="testRunner.RunnerClass" name="runScenario" time="0.020"/>
  <testcase classname="testRunner.RunnerClass" name="runScenario" time="0.117"/>
  <testcase classname="testRunner.RunnerClass" name="runScenario" time="0.050"/>
</testsuite> <!-- testRunner.RunnerClass -->
