<?xml version="1.0" encoding="UTF-8"?>
<!-- Generated by org.testng.reporters.JUnitReportReporter -->
<testsuite hostname="TVDI-017" failures="0" tests="2" name="testRunner.RunnerClass" time="17.482" errors="0" timestamp="2025-01-15T12:33:27 IST" skipped="0">
  <testcase classname="testRunner.RunnerClass" name="runScenario" time="10.584"/>
  <testcase classname="testRunner.RunnerClass" name="runScenario" time="6.898"/>
</testsuite> <!-- testRunner.RunnerClass -->
