<?xml version="1.0" encoding="UTF-8"?>
<!-- Generated by org.testng.reporters.JUnitReportReporter -->
<testsuite hostname="L-INE-CBRCQG3" failures="0" tests="7" name="testRunner.RunnerClass" time="47.071" errors="0" timestamp="2025-01-09T11:59:50 IST" skipped="0">
  <testcase classname="testRunner.RunnerClass" name="runScenario" time="5.806"/>
  <testcase classname="testRunner.RunnerClass" name="runScenario" time="5.414"/>
  <testcase classname="testRunner.RunnerClass" name="runScenario" time="10.794"/>
  <testcase classname="testRunner.RunnerClass" name="runScenario" time="6.251"/>
  <testcase classname="testRunner.RunnerClass" name="runScenario" time="6.235"/>
  <testcase classname="testRunner.RunnerClass" name="runScenario" time="7.168"/>
  <testcase classname="testRunner.RunnerClass" name="runScenario" time="5.403"/>
</testsuite> <!-- testRunner.RunnerClass -->
