<?xml version="1.0" encoding="UTF-8"?>
<!-- Generated by org.testng.reporters.JUnitReportReporter -->
<testsuite hostname="L-INE-74PCQG3" failures="0" tests="43" name="testRunner.RunnerClass" time="0.663" errors="0" timestamp="2025-02-06T16:51:58 IST" skipped="0">
  <testcase classname="testRunner.RunnerClass" name="runScenario" time="0.012"/>
  <testcase classname="testRunner.RunnerClass" name="runScenario" time="0.015"/>
  <testcase classname="testRunner.RunnerClass" name="runScenario" time="0.008"/>
  <testcase classname="testRunner.RunnerClass" name="runScenario" time="0.019"/>
  <testcase classname="testRunner.RunnerClass" name="runScenario" time="0.009"/>
  <testcase classname="testRunner.RunnerClass" name="runScenario" time="0.011"/>
  <testcase classname="testRunner.RunnerClass" name="runScenario" time="0.008"/>
  <testcase classname="testRunner.RunnerClass" name="runScenario" time="0.014"/>
  <testcase classname="testRunner.RunnerClass" name="runScenario" time="0.016"/>
  <testcase classname="testRunner.RunnerClass" name="runScenario" time="0.014"/>
  <testcase classname="testRunner.RunnerClass" name="runScenario" time="0.023"/>
  <testcase classname="testRunner.RunnerClass" name="runScenario" time="0.014"/>
  <testcase classname="testRunner.RunnerClass" name="runScenario" time="0.014"/>
  <testcase classname="testRunner.RunnerClass" name="runScenario" time="0.013"/>
  <testcase classname="testRunner.RunnerClass" name="runScenario" time="0.024"/>
  <testcase classname="testRunner.RunnerClass" name="runScenario" time="0.005"/>
  <testcase classname="testRunner.RunnerClass" name="runScenario" time="0.009"/>
  <testcase classname="testRunner.RunnerClass" name="runScenario" time="0.018"/>
  <testcase classname="testRunner.RunnerClass" name="runScenario" time="0.007"/>
  <testcase classname="testRunner.RunnerClass" name="runScenario" time="0.119"/>
  <testcase classname="testRunner.RunnerClass" name="runScenario" time="0.016"/>
  <testcase classname="testRunner.RunnerClass" name="runScenario" time="0.015"/>
  <testcase classname="testRunner.RunnerClass" name="runScenario" time="0.029"/>
  <testcase classname="testRunner.RunnerClass" name="runScenario" time="0.018"/>
  <testcase classname="testRunner.RunnerClass" name="runScenario" time="0.021"/>
  <testcase classname="testRunner.RunnerClass" name="runScenario" time="0.007"/>
  <testcase classname="testRunner.RunnerClass" name="runScenario" time="0.009"/>
  <testcase classname="testRunner.RunnerClass" name="runScenario" time="0.009"/>
  <testcase classname="testRunner.RunnerClass" name="runScenario" time="0.023"/>
  <testcase classname="testRunner.RunnerClass" name="runScenario" time="0.011"/>
  <testcase classname="testRunner.RunnerClass" name="runScenario" time="0.008"/>
  <testcase classname="testRunner.RunnerClass" name="runScenario" time="0.006"/>
  <testcase classname="testRunner.RunnerClass" name="runScenario" time="0.010"/>
  <testcase classname="testRunner.RunnerClass" name="runScenario" time="0.017"/>
  <testcase classname="testRunner.RunnerClass" name="runScenario" time="0.007"/>
  <testcase classname="testRunner.RunnerClass" name="runScenario" time="0.015"/>
  <testcase classname="testRunner.RunnerClass" name="runScenario" time="0.006"/>
  <testcase classname="testRunner.RunnerClass" name="runScenario" time="0.008"/>
  <testcase classname="testRunner.RunnerClass" name="runScenario" time="0.010"/>
  <testcase classname="testRunner.RunnerClass" name="runScenario" time="0.005"/>
  <testcase classname="testRunner.RunnerClass" name="runScenario" time="0.026"/>
  <testcase classname="testRunner.RunnerClass" name="runScenario" time="0.008"/>
  <testcase classname="testRunner.RunnerClass" name="runScenario" time="0.007"/>
</testsuite> <!-- testRunner.RunnerClass -->
