<?xml version="1.0" encoding="UTF-8"?>
<!-- Generated by org.testng.reporters.JUnitReportReporter -->
<testsuite hostname="L-INE-CBRCQG3" failures="0" tests="18" name="testRunner.RunnerClass" time="0.322" errors="0" timestamp="2025-01-16T18:56:30 IST" skipped="0">
  <testcase classname="testRunner.RunnerClass" name="runScenario" time="0.010"/>
  <testcase classname="testRunner.RunnerClass" name="runScenario" time="0.013"/>
  <testcase classname="testRunner.RunnerClass" name="runScenario" time="0.009"/>
  <testcase classname="testRunner.RunnerClass" name="runScenario" time="0.009"/>
  <testcase classname="testRunner.RunnerClass" name="runScenario" time="0.115"/>
  <testcase classname="testRunner.RunnerClass" name="runScenario" time="0.025"/>
  <testcase classname="testRunner.RunnerClass" name="runScenario" time="0.014"/>
  <testcase classname="testRunner.RunnerClass" name="runScenario" time="0.008"/>
  <testcase classname="testRunner.RunnerClass" name="runScenario" time="0.013"/>
  <testcase classname="testRunner.RunnerClass" name="runScenario" time="0.018"/>
  <testcase classname="testRunner.RunnerClass" name="runScenario" time="0.011"/>
  <testcase classname="testRunner.RunnerClass" name="runScenario" time="0.008"/>
  <testcase classname="testRunner.RunnerClass" name="runScenario" time="0.010"/>
  <testcase classname="testRunner.RunnerClass" name="runScenario" time="0.013"/>
  <testcase classname="testRunner.RunnerClass" name="runScenario" time="0.009"/>
  <testcase classname="testRunner.RunnerClass" name="runScenario" time="0.012"/>
  <testcase classname="testRunner.RunnerClass" name="runScenario" time="0.015"/>
  <testcase classname="testRunner.RunnerClass" name="runScenario" time="0.010"/>
</testsuite> <!-- testRunner.RunnerClass -->
