<?xml version="1.0" encoding="UTF-8"?>
<!-- Generated by org.testng.reporters.JUnitReportReporter -->
<testsuite hostname="L-INE-96MWM93" failures="0" tests="1" name="testRunner.RunnerClass" time="8.554" errors="0" timestamp="2025-01-21T17:00:43 IST" skipped="0">
  <testcase classname="testRunner.RunnerClass" name="runScenario" time="8.554"/>
</testsuite> <!-- testRunner.RunnerClass -->
