<?xml version="1.0" encoding="UTF-8"?>
<!-- Generated by org.testng.reporters.JUnitReportReporter -->
<<<<<<< HEAD
<testsuite hostname="L-INE-74PCQG3" failures="0" tests="1" name="testRunner.RunnerClass" time="27.225" errors="0" timestamp="2025-01-21T17:40:50 IST" skipped="0">
  <testcase classname="testRunner.RunnerClass" name="runScenario" time="27.225"/>
=======
<testsuite hostname="L-INE-96MWM93" failures="0" tests="1" name="testRunner.RunnerClass" time="8.554" errors="0" timestamp="2025-01-21T17:00:43 IST" skipped="0">
  <testcase classname="testRunner.RunnerClass" name="runScenario" time="8.554"/>
>>>>>>> 1fe19b5bbb980fe9ebaa78e1655c118695d39f45
</testsuite> <!-- testRunner.RunnerClass -->
