<?xml version="1.0" encoding="UTF-8"?>
<!-- Generated by org.testng.reporters.JUnitReportReporter -->
<<<<<<< HEAD
<testsuite hostname="L-INE-CBRCQG3" failures="0" tests="35" name="testRunner.RunnerClass" time="0.993" errors="0" timestamp="2025-01-29T16:43:17 IST" skipped="0">
  <testcase classname="testRunner.RunnerClass" name="runScenario" time="0.044"/>
  <testcase classname="testRunner.RunnerClass" name="runScenario" time="0.023"/>
  <testcase classname="testRunner.RunnerClass" name="runScenario" time="0.012"/>
  <testcase classname="testRunner.RunnerClass" name="runScenario" time="0.020"/>
  <testcase classname="testRunner.RunnerClass" name="runScenario" time="0.034"/>
  <testcase classname="testRunner.RunnerClass" name="runScenario" time="0.022"/>
  <testcase classname="testRunner.RunnerClass" name="runScenario" time="0.024"/>
  <testcase classname="testRunner.RunnerClass" name="runScenario" time="0.014"/>
  <testcase classname="testRunner.RunnerClass" name="runScenario" time="0.018"/>
  <testcase classname="testRunner.RunnerClass" name="runScenario" time="0.021"/>
  <testcase classname="testRunner.RunnerClass" name="runScenario" time="0.013"/>
  <testcase classname="testRunner.RunnerClass" name="runScenario" time="0.030"/>
  <testcase classname="testRunner.RunnerClass" name="runScenario" time="0.009"/>
  <testcase classname="testRunner.RunnerClass" name="runScenario" time="0.033"/>
  <testcase classname="testRunner.RunnerClass" name="runScenario" time="0.017"/>
  <testcase classname="testRunner.RunnerClass" name="runScenario" time="0.013"/>
  <testcase classname="testRunner.RunnerClass" name="runScenario" time="0.018"/>
  <testcase classname="testRunner.RunnerClass" name="runScenario" time="0.031"/>
  <testcase classname="testRunner.RunnerClass" name="runScenario" time="0.018"/>
  <testcase classname="testRunner.RunnerClass" name="runScenario" time="0.179"/>
  <testcase classname="testRunner.RunnerClass" name="runScenario" time="0.019"/>
  <testcase classname="testRunner.RunnerClass" name="runScenario" time="0.025"/>
  <testcase classname="testRunner.RunnerClass" name="runScenario" time="0.028"/>
  <testcase classname="testRunner.RunnerClass" name="runScenario" time="0.011"/>
  <testcase classname="testRunner.RunnerClass" name="runScenario" time="0.027"/>
  <testcase classname="testRunner.RunnerClass" name="runScenario" time="0.019"/>
  <testcase classname="testRunner.RunnerClass" name="runScenario" time="0.009"/>
  <testcase classname="testRunner.RunnerClass" name="runScenario" time="0.019"/>
  <testcase classname="testRunner.RunnerClass" name="runScenario" time="0.059"/>
  <testcase classname="testRunner.RunnerClass" name="runScenario" time="0.042"/>
  <testcase classname="testRunner.RunnerClass" name="runScenario" time="0.025"/>
  <testcase classname="testRunner.RunnerClass" name="runScenario" time="0.026"/>
  <testcase classname="testRunner.RunnerClass" name="runScenario" time="0.020"/>
  <testcase classname="testRunner.RunnerClass" name="runScenario" time="0.018"/>
  <testcase classname="testRunner.RunnerClass" name="runScenario" time="0.053"/>
=======
<testsuite hostname="ESLLAP-2690" failures="0" tests="5" name="testRunner.RunnerClass" time="371.239" errors="0" timestamp="2025-01-28T17:26:27 IST" skipped="0">
  <testcase classname="testRunner.RunnerClass" name="runScenario" time="74.386"/>
  <testcase classname="testRunner.RunnerClass" name="runScenario" time="73.504"/>
  <testcase classname="testRunner.RunnerClass" name="runScenario" time="74.810"/>
  <testcase classname="testRunner.RunnerClass" name="runScenario" time="74.972"/>
  <testcase classname="testRunner.RunnerClass" name="runScenario" time="73.567"/>
>>>>>>> 343304303587fd722b178ae73daeeb8f512d9bb4
</testsuite> <!-- testRunner.RunnerClass -->
