<?xml version="1.0" encoding="UTF-8"?>
<!-- Generated by org.testng.reporters.JUnitReportReporter -->
<testsuite hostname="ESLLAP-2690" failures="0" tests="8" name="testRunner.RunnerClass" time="71.236" errors="0" timestamp="2025-02-03T18:22:50 IST" skipped="0">
  <testcase classname="testRunner.RunnerClass" name="runScenario" time="15.436"/>
  <testcase classname="testRunner.RunnerClass" name="runScenario" time="15.485"/>
  <testcase classname="testRunner.RunnerClass" name="runScenario" time="6.091"/>
  <testcase classname="testRunner.RunnerClass" name="runScenario" time="6.453"/>
  <testcase classname="testRunner.RunnerClass" name="runScenario" time="6.845"/>
  <testcase classname="testRunner.RunnerClass" name="runScenario" time="6.320"/>
  <testcase classname="testRunner.RunnerClass" name="runScenario" time="7.149"/>
  <testcase classname="testRunner.RunnerClass" name="runScenario" time="7.457"/>
</testsuite> <!-- testRunner.RunnerClass -->
