<?xml version="1.0" encoding="UTF-8"?>
<!-- Generated by org.testng.reporters.JUnitReportReporter -->
<testsuite hostname="ESLLAP-2690" failures="0" tests="6" name="testRunner.RunnerClass" time="79.089" errors="0" timestamp="2025-01-30T16:03:05 IST" skipped="0">
  <testcase classname="testRunner.RunnerClass" name="runScenario" time="16.204"/>
  <testcase classname="testRunner.RunnerClass" name="runScenario" time="23.339"/>
  <testcase classname="testRunner.RunnerClass" name="runScenario" time="7.770"/>
  <testcase classname="testRunner.RunnerClass" name="runScenario" time="6.356"/>
  <testcase classname="testRunner.RunnerClass" name="runScenario" time="16.739"/>
  <testcase classname="testRunner.RunnerClass" name="runScenario" time="8.681"/>
</testsuite> <!-- testRunner.RunnerClass -->
